CMakeFiles\simulateprofiles.dir\simulateprofiles.c.obj: In function `Esiste':
D:/Progetti R/netsim_hg/sim/simulateprofiles.c:19: multiple definition of `id'
CMakeFiles\simulateprofiles.dir\distrib.c.obj:D:/Progetti R/netsim_hg/sim/distrib.c:7: first defined here
CMakeFiles\simulateprofiles.dir\simulateprofiles.c.obj: In function `Esiste':
D:/Progetti R/netsim_hg/sim/simulateprofiles.c:19: multiple definition of `tot_str_alloc'
CMakeFiles\simulateprofiles.dir\distrib.c.obj:D:/Progetti R/netsim_hg/sim/distrib.c:7: first defined here
CMakeFiles\simulateprofiles.dir\simulateprofiles.c.obj: In function `Esiste':
D:/Progetti R/netsim_hg/sim/simulateprofiles.c:19: multiple definition of `tot_str_dealloc'
CMakeFiles\simulateprofiles.dir\distrib.c.obj:D:/Progetti R/netsim_hg/sim/distrib.c:7: first defined here
CMakeFiles\simulateprofiles.dir\simulateprofiles.c.obj: In function `Esiste':
D:/Progetti R/netsim_hg/sim/simulateprofiles.c:19: multiple definition of `tot_str_intalloc'
CMakeFiles\simulateprofiles.dir\distrib.c.obj:D:/Progetti R/netsim_hg/sim/distrib.c:7: first defined here
CMakeFiles\simulateprofiles.dir\simulateprofiles.c.obj: In function `Esiste':
D:/Progetti R/netsim_hg/sim/simulateprofiles.c:19: multiple definition of `tot_str_intdealloc'
CMakeFiles\simulateprofiles.dir\distrib.c.obj:D:/Progetti R/netsim_hg/sim/distrib.c:7: first defined here
CMakeFiles\simulateprofiles.dir\simulateprofiles.c.obj: In function `Esiste':
D:/Progetti R/netsim_hg/sim/simulateprofiles.c:19: multiple definition of `fp_fdbg'
CMakeFiles\simulateprofiles.dir\distrib.c.obj:D:/Progetti R/netsim_hg/sim/distrib.c:7: first defined here
CMakeFiles\simulateprofiles.dir\simulateprofiles.c.obj: In function `Esiste':
D:/Progetti R/netsim_hg/sim/simulateprofiles.c:19: multiple definition of `fp_mdbg_lst'
CMakeFiles\simulateprofiles.dir\distrib.c.obj:D:/Progetti R/netsim_hg/sim/distrib.c:7: first defined here
CMakeFiles\simulateprofiles.dir\simulateprofiles.c.obj: In function `Esiste':
D:/Progetti R/netsim_hg/sim/simulateprofiles.c:19: multiple definition of `fpm_lst'
CMakeFiles\simulateprofiles.dir\distrib.c.obj:D:/Progetti R/netsim_hg/sim/distrib.c:7: first defined here
CMakeFiles\simulateprofiles.dir\simulateprofiles.c.obj: In function `Esiste':
D:/Progetti R/netsim_hg/sim/simulateprofiles.c:19: multiple definition of `fp_det'
CMakeFiles\simulateprofiles.dir\distrib.c.obj:D:/Progetti R/netsim_hg/sim/distrib.c:7: first defined here
CMakeFiles\simulateprofiles.dir\simulateprofiles.c.obj: In function `Esiste':
D:/Progetti R/netsim_hg/sim/simulateprofiles.c:19: multiple definition of `allocLst'
CMakeFiles\simulateprofiles.dir\distrib.c.obj:D:/Progetti R/netsim_hg/sim/distrib.c:7: first defined here
CMakeFiles\simulateprofiles.dir\simulateprofiles.c.obj: In function `Esiste':
D:/Progetti R/netsim_hg/sim/simulateprofiles.c:19: multiple definition of `allocVett_i'
CMakeFiles\simulateprofiles.dir\distrib.c.obj:D:/Progetti R/netsim_hg/sim/distrib.c:8: first defined here
CMakeFiles\simulateprofiles.dir\simulateprofiles.c.obj: In function `Esiste':
D:/Progetti R/netsim_hg/sim/simulateprofiles.c:22: multiple definition of `allocMatr_i'
CMakeFiles\simulateprofiles.dir\distrib.c.obj:D:/Progetti R/netsim_hg/sim/distrib.c:8: first defined here
CMakeFiles\simulateprofiles.dir\simulateprofiles.c.obj: In function `Esiste':
D:/Progetti R/netsim_hg/sim/simulateprofiles.c:22: multiple definition of `fp_mdbg_i'
CMakeFiles\simulateprofiles.dir\distrib.c.obj:D:/Progetti R/netsim_hg/sim/distrib.c:12: first defined here
CMakeFiles\simulateprofiles.dir\simulateprofiles.c.obj: In function `Esiste':
D:/Progetti R/netsim_hg/sim/simulateprofiles.c:22: multiple definition of `fpm_v_i'
CMakeFiles\simulateprofiles.dir\distrib.c.obj:D:/Progetti R/netsim_hg/sim/distrib.c:12: first defined here
CMakeFiles\simulateprofiles.dir\simulateprofiles.c.obj: In function `Esiste':
D:/Progetti R/netsim_hg/sim/simulateprofiles.c:22: multiple definition of `fpm_m_i'
CMakeFiles\simulateprofiles.dir\distrib.c.obj:D:/Progetti R/netsim_hg/sim/distrib.c:12: first defined here
CMakeFiles\simulateprofiles.dir\simulateprofiles.c.obj: In function `Esiste':
D:/Progetti R/netsim_hg/sim/simulateprofiles.c:22: multiple definition of `allocVett_d'
CMakeFiles\simulateprofiles.dir\distrib.c.obj:D:/Progetti R/netsim_hg/sim/distrib.c:12: first defined here
CMakeFiles\simulateprofiles.dir\simulateprofiles.c.obj: In function `Esiste':
D:/Progetti R/netsim_hg/sim/simulateprofiles.c:22: multiple definition of `allocMatr_d'
CMakeFiles\simulateprofiles.dir\distrib.c.obj:D:/Progetti R/netsim_hg/sim/distrib.c:12: first defined here
CMakeFiles\simulateprofiles.dir\simulateprofiles.c.obj: In function `Esiste':
D:/Progetti R/netsim_hg/sim/simulateprofiles.c:22: multiple definition of `fp_mdbg_d'
CMakeFiles\simulateprofiles.dir\distrib.c.obj:D:/Progetti R/netsim_hg/sim/distrib.c:12: first defined here
CMakeFiles\simulateprofiles.dir\simulateprofiles.c.obj: In function `Esiste':
D:/Progetti R/netsim_hg/sim/simulateprofiles.c:23: multiple definition of `fpm_v_d'
CMakeFiles\simulateprofiles.dir\distrib.c.obj:D:/Progetti R/netsim_hg/sim/distrib.c:12: first defined here
CMakeFiles\simulateprofiles.dir\simulateprofiles.c.obj: In function `Esiste':
D:/Progetti R/netsim_hg/sim/simulateprofiles.c:23: multiple definition of `fpm_m_d'
CMakeFiles\simulateprofiles.dir\distrib.c.obj:D:/Progetti R/netsim_hg/sim/distrib.c:12: first defined here
CMakeFiles\simulateprofiles.dir\globali.c.obj: In function `InitGlobali':
D:/Progetti R/netsim_hg/sim/globali.c:4: multiple definition of `id'
CMakeFiles\simulateprofiles.dir\distrib.c.obj:D:/Progetti R/netsim_hg/sim/distrib.c:7: first defined here
CMakeFiles\simulateprofiles.dir\globali.c.obj: In function `InitGlobali':
D:/Progetti R/netsim_hg/sim/globali.c:4: multiple definition of `tot_str_alloc'
CMakeFiles\simulateprofiles.dir\distrib.c.obj:D:/Progetti R/netsim_hg/sim/distrib.c:7: first defined here
CMakeFiles\simulateprofiles.dir\globali.c.obj: In function `InitGlobali':
D:/Progetti R/netsim_hg/sim/globali.c:4: multiple definition of `tot_str_dealloc'
CMakeFiles\simulateprofiles.dir\distrib.c.obj:D:/Progetti R/netsim_hg/sim/distrib.c:7: first defined here
CMakeFiles\simulateprofiles.dir\globali.c.obj: In function `InitGlobali':
D:/Progetti R/netsim_hg/sim/globali.c:4: multiple definition of `tot_str_intalloc'
CMakeFiles\simulateprofiles.dir\distrib.c.obj:D:/Progetti R/netsim_hg/sim/distrib.c:7: first defined here
CMakeFiles\simulateprofiles.dir\globali.c.obj: In function `InitGlobali':
D:/Progetti R/netsim_hg/sim/globali.c:4: multiple definition of `tot_str_intdealloc'
CMakeFiles\simulateprofiles.dir\distrib.c.obj:D:/Progetti R/netsim_hg/sim/distrib.c:7: first defined here
CMakeFiles\simulateprofiles.dir\globali.c.obj: In function `InitGlobali':
D:/Progetti R/netsim_hg/sim/globali.c:4: multiple definition of `fp_fdbg'
CMakeFiles\simulateprofiles.dir\distrib.c.obj:D:/Progetti R/netsim_hg/sim/distrib.c:7: first defined here
CMakeFiles\simulateprofiles.dir\globali.c.obj: In function `InitGlobali':
D:/Progetti R/netsim_hg/sim/globali.c:4: multiple definition of `fp_mdbg_lst'
CMakeFiles\simulateprofiles.dir\distrib.c.obj:D:/Progetti R/netsim_hg/sim/distrib.c:7: first defined here
CMakeFiles\simulateprofiles.dir\globali.c.obj: In function `InitGlobali':
D:/Progetti R/netsim_hg/sim/globali.c:4: multiple definition of `fpm_lst'
CMakeFiles\simulateprofiles.dir\distrib.c.obj:D:/Progetti R/netsim_hg/sim/distrib.c:7: first defined here
CMakeFiles\simulateprofiles.dir\globali.c.obj: In function `InitGlobali':
D:/Progetti R/netsim_hg/sim/globali.c:4: multiple definition of `fp_det'
CMakeFiles\simulateprofiles.dir\distrib.c.obj:D:/Progetti R/netsim_hg/sim/distrib.c:7: first defined here
CMakeFiles\simulateprofiles.dir\globali.c.obj: In function `InitGlobali':
D:/Progetti R/netsim_hg/sim/globali.c:5: multiple definition of `allocLst'
CMakeFiles\simulateprofiles.dir\distrib.c.obj:D:/Progetti R/netsim_hg/sim/distrib.c:7: first defined here
CMakeFiles\simulateprofiles.dir\globali.c.obj: In function `InitGlobali':
D:/Progetti R/netsim_hg/sim/globali.c:5: multiple definition of `allocVett_i'
CMakeFiles\simulateprofiles.dir\distrib.c.obj:D:/Progetti R/netsim_hg/sim/distrib.c:8: first defined here
CMakeFiles\simulateprofiles.dir\globali.c.obj: In function `InitGlobali':
D:/Progetti R/netsim_hg/sim/globali.c:5: multiple definition of `allocMatr_i'
CMakeFiles\simulateprofiles.dir\distrib.c.obj:D:/Progetti R/netsim_hg/sim/distrib.c:8: first defined here
CMakeFiles\simulateprofiles.dir\globali.c.obj: In function `InitGlobali':
D:/Progetti R/netsim_hg/sim/globali.c:6: multiple definition of `fp_mdbg_i'
CMakeFiles\simulateprofiles.dir\distrib.c.obj:D:/Progetti R/netsim_hg/sim/distrib.c:12: first defined here
CMakeFiles\simulateprofiles.dir\globali.c.obj: In function `InitGlobali':
D:/Progetti R/netsim_hg/sim/globali.c:6: multiple definition of `fpm_v_i'
CMakeFiles\simulateprofiles.dir\distrib.c.obj:D:/Progetti R/netsim_hg/sim/distrib.c:12: first defined here
CMakeFiles\simulateprofiles.dir\globali.c.obj: In function `InitGlobali':
D:/Progetti R/netsim_hg/sim/globali.c:8: multiple definition of `fpm_m_i'
CMakeFiles\simulateprofiles.dir\distrib.c.obj:D:/Progetti R/netsim_hg/sim/distrib.c:12: first defined here
CMakeFiles\simulateprofiles.dir\globali.c.obj: In function `InitGlobali':
D:/Progetti R/netsim_hg/sim/globali.c:8: multiple definition of `allocVett_d'
CMakeFiles\simulateprofiles.dir\distrib.c.obj:D:/Progetti R/netsim_hg/sim/distrib.c:12: first defined here
CMakeFiles\simulateprofiles.dir\globali.c.obj: In function `InitGlobali':
D:/Progetti R/netsim_hg/sim/globali.c:8: multiple definition of `allocMatr_d'
CMakeFiles\simulateprofiles.dir\distrib.c.obj:D:/Progetti R/netsim_hg/sim/distrib.c:12: first defined here
CMakeFiles\simulateprofiles.dir\globali.c.obj: In function `InitGlobali':
D:/Progetti R/netsim_hg/sim/globali.c:9: multiple definition of `fp_mdbg_d'
CMakeFiles\simulateprofiles.dir\distrib.c.obj:D:/Progetti R/netsim_hg/sim/distrib.c:12: first defined here
CMakeFiles\simulateprofiles.dir\globali.c.obj: In function `InitGlobali':
D:/Progetti R/netsim_hg/sim/globali.c:9: multiple definition of `fpm_v_d'
CMakeFiles\simulateprofiles.dir\distrib.c.obj:D:/Progetti R/netsim_hg/sim/distrib.c:12: first defined here
CMakeFiles\simulateprofiles.dir\globali.c.obj: In function `InitGlobali':
D:/Progetti R/netsim_hg/sim/globali.c:10: multiple definition of `fpm_m_d'
CMakeFiles\simulateprofiles.dir\distrib.c.obj:D:/Progetti R/netsim_hg/sim/distrib.c:12: first defined here
CMakeFiles\simulateprofiles.dir\globali.c.obj: In function `InitGlobali':
D:/Progetti R/netsim_hg/sim/globali.c:13: multiple definition of `globali'
CMakeFiles\simulateprofiles.dir\simulateprofiles.c.obj:D:/Progetti R/netsim_hg/sim/simulateprofiles.c:23: first defined here
CMakeFiles\simulateprofiles.dir\createRules.c.obj: In function `createRules1':
D:/Progetti R/netsim_hg/sim/createRules.c:7: multiple definition of `id'
CMakeFiles\simulateprofiles.dir\distrib.c.obj:D:/Progetti R/netsim_hg/sim/distrib.c:7: first defined here
CMakeFiles\simulateprofiles.dir\createRules.c.obj: In function `createRules1':
D:/Progetti R/netsim_hg/sim/createRules.c:7: multiple definition of `tot_str_alloc'
CMakeFiles\simulateprofiles.dir\distrib.c.obj:D:/Progetti R/netsim_hg/sim/distrib.c:7: first defined here
CMakeFiles\simulateprofiles.dir\createRules.c.obj: In function `createRules1':
D:/Progetti R/netsim_hg/sim/createRules.c:7: multiple definition of `tot_str_dealloc'
CMakeFiles\simulateprofiles.dir\distrib.c.obj:D:/Progetti R/netsim_hg/sim/distrib.c:7: first defined here
CMakeFiles\simulateprofiles.dir\createRules.c.obj: In function `createRules1':
D:/Progetti R/netsim_hg/sim/createRules.c:7: multiple definition of `tot_str_intalloc'
CMakeFiles\simulateprofiles.dir\distrib.c.obj:D:/Progetti R/netsim_hg/sim/distrib.c:7: first defined here
CMakeFiles\simulateprofiles.dir\createRules.c.obj: In function `createRules1':
D:/Progetti R/netsim_hg/sim/createRules.c:7: multiple definition of `tot_str_intdealloc'
CMakeFiles\simulateprofiles.dir\distrib.c.obj:D:/Progetti R/netsim_hg/sim/distrib.c:7: first defined here
CMakeFiles\simulateprofiles.dir\createRules.c.obj: In function `createRules1':
D:/Progetti R/netsim_hg/sim/createRules.c:7: multiple definition of `fp_fdbg'
CMakeFiles\simulateprofiles.dir\distrib.c.obj:D:/Progetti R/netsim_hg/sim/distrib.c:7: first defined here
CMakeFiles\simulateprofiles.dir\createRules.c.obj: In function `createRules1':
D:/Progetti R/netsim_hg/sim/createRules.c:7: multiple definition of `fp_mdbg_lst'
CMakeFiles\simulateprofiles.dir\distrib.c.obj:D:/Progetti R/netsim_hg/sim/distrib.c:7: first defined here
CMakeFiles\simulateprofiles.dir\createRules.c.obj: In function `createRules1':
D:/Progetti R/netsim_hg/sim/createRules.c:7: multiple definition of `fpm_lst'
CMakeFiles\simulateprofiles.dir\distrib.c.obj:D:/Progetti R/netsim_hg/sim/distrib.c:7: first defined here
CMakeFiles\simulateprofiles.dir\createRules.c.obj: In function `createRules1':
D:/Progetti R/netsim_hg/sim/createRules.c:7: multiple definition of `fp_det'
CMakeFiles\simulateprofiles.dir\distrib.c.obj:D:/Progetti R/netsim_hg/sim/distrib.c:7: first defined here
CMakeFiles\simulateprofiles.dir\createRules.c.obj: In function `createRules1':
D:/Progetti R/netsim_hg/sim/createRules.c:7: multiple definition of `allocLst'
CMakeFiles\simulateprofiles.dir\distrib.c.obj:D:/Progetti R/netsim_hg/sim/distrib.c:7: first defined here
CMakeFiles\simulateprofiles.dir\createRules.c.obj: In function `createRules1':
D:/Progetti R/netsim_hg/sim/createRules.c:8: multiple definition of `allocVett_i'
CMakeFiles\simulateprofiles.dir\distrib.c.obj:D:/Progetti R/netsim_hg/sim/distrib.c:8: first defined here
CMakeFiles\simulateprofiles.dir\createRules.c.obj: In function `createRules1':
D:/Progetti R/netsim_hg/sim/createRules.c:8: multiple definition of `allocMatr_i'
CMakeFiles\simulateprofiles.dir\distrib.c.obj:D:/Progetti R/netsim_hg/sim/distrib.c:8: first defined here
CMakeFiles\simulateprofiles.dir\createRules.c.obj: In function `createRules1':
D:/Progetti R/netsim_hg/sim/createRules.c:11: multiple definition of `fp_mdbg_i'
CMakeFiles\simulateprofiles.dir\distrib.c.obj:D:/Progetti R/netsim_hg/sim/distrib.c:12: first defined here
CMakeFiles\simulateprofiles.dir\createRules.c.obj: In function `createRules1':
D:/Progetti R/netsim_hg/sim/createRules.c:11: multiple definition of `fpm_v_i'
CMakeFiles\simulateprofiles.dir\distrib.c.obj:D:/Progetti R/netsim_hg/sim/distrib.c:12: first defined here
CMakeFiles\simulateprofiles.dir\createRules.c.obj: In function `createRules1':
D:/Progetti R/netsim_hg/sim/createRules.c:11: multiple definition of `fpm_m_i'
CMakeFiles\simulateprofiles.dir\distrib.c.obj:D:/Progetti R/netsim_hg/sim/distrib.c:12: first defined here
CMakeFiles\simulateprofiles.dir\createRules.c.obj: In function `createRules1':
D:/Progetti R/netsim_hg/sim/createRules.c:11: multiple definition of `allocVett_d'
CMakeFiles\simulateprofiles.dir\distrib.c.obj:D:/Progetti R/netsim_hg/sim/distrib.c:12: first defined here
CMakeFiles\simulateprofiles.dir\createRules.c.obj: In function `createRules1':
D:/Progetti R/netsim_hg/sim/createRules.c:11: multiple definition of `allocMatr_d'
CMakeFiles\simulateprofiles.dir\distrib.c.obj:D:/Progetti R/netsim_hg/sim/distrib.c:12: first defined here
CMakeFiles\simulateprofiles.dir\createRules.c.obj: In function `createRules1':
D:/Progetti R/netsim_hg/sim/createRules.c:11: multiple definition of `fp_mdbg_d'
CMakeFiles\simulateprofiles.dir\distrib.c.obj:D:/Progetti R/netsim_hg/sim/distrib.c:12: first defined here
CMakeFiles\simulateprofiles.dir\createRules.c.obj: In function `createRules1':
D:/Progetti R/netsim_hg/sim/createRules.c:11: multiple definition of `fpm_v_d'
CMakeFiles\simulateprofiles.dir\distrib.c.obj:D:/Progetti R/netsim_hg/sim/distrib.c:12: first defined here
CMakeFiles\simulateprofiles.dir\createRules.c.obj: In function `createRules1':
D:/Progetti R/netsim_hg/sim/createRules.c:11: multiple definition of `fpm_m_d'
CMakeFiles\simulateprofiles.dir\distrib.c.obj:D:/Progetti R/netsim_hg/sim/distrib.c:12: first defined here
CMakeFiles\simulateprofiles.dir\createRules.c.obj: In function `createRules1':
D:/Progetti R/netsim_hg/sim/createRules.c:11: multiple definition of `globali'
CMakeFiles\simulateprofiles.dir\simulateprofiles.c.obj:D:/Progetti R/netsim_hg/sim/simulateprofiles.c:23: first defined here
CMakeFiles\simulateprofiles.dir\create_logicRule.c.obj: In function `create_logicRule':
D:/Progetti R/netsim_hg/sim/create_logicRule.c:39: multiple definition of `id'
CMakeFiles\simulateprofiles.dir\distrib.c.obj:D:/Progetti R/netsim_hg/sim/distrib.c:7: first defined here
CMakeFiles\simulateprofiles.dir\create_logicRule.c.obj: In function `create_logicRule':
D:/Progetti R/netsim_hg/sim/create_logicRule.c:39: multiple definition of `tot_str_alloc'
CMakeFiles\simulateprofiles.dir\distrib.c.obj:D:/Progetti R/netsim_hg/sim/distrib.c:7: first defined here
CMakeFiles\simulateprofiles.dir\create_logicRule.c.obj: In function `create_logicRule':
D:/Progetti R/netsim_hg/sim/create_logicRule.c:39: multiple definition of `tot_str_dealloc'
CMakeFiles\simulateprofiles.dir\distrib.c.obj:D:/Progetti R/netsim_hg/sim/distrib.c:7: first defined here
CMakeFiles\simulateprofiles.dir\create_logicRule.c.obj: In function `create_logicRule':
D:/Progetti R/netsim_hg/sim/create_logicRule.c:39: multiple definition of `tot_str_intalloc'
CMakeFiles\simulateprofiles.dir\distrib.c.obj:D:/Progetti R/netsim_hg/sim/distrib.c:7: first defined here
CMakeFiles\simulateprofiles.dir\create_logicRule.c.obj: In function `create_logicRule':
D:/Progetti R/netsim_hg/sim/create_logicRule.c:39: multiple definition of `tot_str_intdealloc'
CMakeFiles\simulateprofiles.dir\distrib.c.obj:D:/Progetti R/netsim_hg/sim/distrib.c:7: first defined here
CMakeFiles\simulateprofiles.dir\create_logicRule.c.obj: In function `create_logicRule':
D:/Progetti R/netsim_hg/sim/create_logicRule.c:39: multiple definition of `fp_fdbg'
CMakeFiles\simulateprofiles.dir\distrib.c.obj:D:/Progetti R/netsim_hg/sim/distrib.c:7: first defined here
CMakeFiles\simulateprofiles.dir\create_logicRule.c.obj: In function `create_logicRule':
D:/Progetti R/netsim_hg/sim/create_logicRule.c:39: multiple definition of `fp_mdbg_lst'
CMakeFiles\simulateprofiles.dir\distrib.c.obj:D:/Progetti R/netsim_hg/sim/distrib.c:7: first defined here
CMakeFiles\simulateprofiles.dir\create_logicRule.c.obj: In function `create_logicRule':
D:/Progetti R/netsim_hg/sim/create_logicRule.c:39: multiple definition of `fpm_lst'
CMakeFiles\simulateprofiles.dir\distrib.c.obj:D:/Progetti R/netsim_hg/sim/distrib.c:7: first defined here
CMakeFiles\simulateprofiles.dir\create_logicRule.c.obj: In function `create_logicRule':
D:/Progetti R/netsim_hg/sim/create_logicRule.c:39: multiple definition of `fp_det'
CMakeFiles\simulateprofiles.dir\distrib.c.obj:D:/Progetti R/netsim_hg/sim/distrib.c:7: first defined here
CMakeFiles\simulateprofiles.dir\create_logicRule.c.obj: In function `create_logicRule':
D:/Progetti R/netsim_hg/sim/create_logicRule.c:39: multiple definition of `allocLst'
CMakeFiles\simulateprofiles.dir\distrib.c.obj:D:/Progetti R/netsim_hg/sim/distrib.c:7: first defined here
CMakeFiles\simulateprofiles.dir\create_logicRule.c.obj: In function `create_logicRule':
D:/Progetti R/netsim_hg/sim/create_logicRule.c:39: multiple definition of `allocVett_i'
CMakeFiles\simulateprofiles.dir\distrib.c.obj:D:/Progetti R/netsim_hg/sim/distrib.c:8: first defined here
CMakeFiles\simulateprofiles.dir\create_logicRule.c.obj: In function `create_logicRule':
D:/Progetti R/netsim_hg/sim/create_logicRule.c:45: multiple definition of `allocMatr_i'
CMakeFiles\simulateprofiles.dir\distrib.c.obj:D:/Progetti R/netsim_hg/sim/distrib.c:8: first defined here
CMakeFiles\simulateprofiles.dir\create_logicRule.c.obj: In function `create_logicRule':
D:/Progetti R/netsim_hg/sim/create_logicRule.c:45: multiple definition of `fp_mdbg_i'
CMakeFiles\simulateprofiles.dir\distrib.c.obj:D:/Progetti R/netsim_hg/sim/distrib.c:12: first defined here
CMakeFiles\simulateprofiles.dir\create_logicRule.c.obj: In function `create_logicRule':
D:/Progetti R/netsim_hg/sim/create_logicRule.c:48: multiple definition of `fpm_v_i'
CMakeFiles\simulateprofiles.dir\distrib.c.obj:D:/Progetti R/netsim_hg/sim/distrib.c:12: first defined here
CMakeFiles\simulateprofiles.dir\create_logicRule.c.obj: In function `create_logicRule':
D:/Progetti R/netsim_hg/sim/create_logicRule.c:48: multiple definition of `fpm_m_i'
CMakeFiles\simulateprofiles.dir\distrib.c.obj:D:/Progetti R/netsim_hg/sim/distrib.c:12: first defined here
CMakeFiles\simulateprofiles.dir\create_logicRule.c.obj: In function `create_logicRule':
D:/Progetti R/netsim_hg/sim/create_logicRule.c:48: multiple definition of `allocVett_d'
CMakeFiles\simulateprofiles.dir\distrib.c.obj:D:/Progetti R/netsim_hg/sim/distrib.c:12: first defined here
CMakeFiles\simulateprofiles.dir\create_logicRule.c.obj: In function `create_logicRule':
D:/Progetti R/netsim_hg/sim/create_logicRule.c:48: multiple definition of `allocMatr_d'
CMakeFiles\simulateprofiles.dir\distrib.c.obj:D:/Progetti R/netsim_hg/sim/distrib.c:12: first defined here
CMakeFiles\simulateprofiles.dir\create_logicRule.c.obj: In function `create_logicRule':
D:/Progetti R/netsim_hg/sim/create_logicRule.c:48: multiple definition of `fp_mdbg_d'
CMakeFiles\simulateprofiles.dir\distrib.c.obj:D:/Progetti R/netsim_hg/sim/distrib.c:12: first defined here
CMakeFiles\simulateprofiles.dir\create_logicRule.c.obj: In function `create_logicRule':
D:/Progetti R/netsim_hg/sim/create_logicRule.c:48: multiple definition of `fpm_v_d'
CMakeFiles\simulateprofiles.dir\distrib.c.obj:D:/Progetti R/netsim_hg/sim/distrib.c:12: first defined here
CMakeFiles\simulateprofiles.dir\create_logicRule.c.obj: In function `create_logicRule':
D:/Progetti R/netsim_hg/sim/create_logicRule.c:48: multiple definition of `fpm_m_d'
CMakeFiles\simulateprofiles.dir\distrib.c.obj:D:/Progetti R/netsim_hg/sim/distrib.c:12: first defined here
CMakeFiles\simulateprofiles.dir\create_logicRule.c.obj: In function `create_logicRule':
D:/Progetti R/netsim_hg/sim/create_logicRule.c:56: multiple definition of `globali'
CMakeFiles\simulateprofiles.dir\simulateprofiles.c.obj:D:/Progetti R/netsim_hg/sim/simulateprofiles.c:23: first defined here
CMakeFiles\simulateprofiles.dir\sample.c.obj: In function `SampleReplace':
D:/Progetti R/netsim_hg/sim/sample.c:13: multiple definition of `id'
CMakeFiles\simulateprofiles.dir\distrib.c.obj:D:/Progetti R/netsim_hg/sim/distrib.c:7: first defined here
CMakeFiles\simulateprofiles.dir\sample.c.obj: In function `SampleReplace':
D:/Progetti R/netsim_hg/sim/sample.c:13: multiple definition of `tot_str_alloc'
CMakeFiles\simulateprofiles.dir\distrib.c.obj:D:/Progetti R/netsim_hg/sim/distrib.c:7: first defined here
CMakeFiles\simulateprofiles.dir\sample.c.obj: In function `SampleReplace':
D:/Progetti R/netsim_hg/sim/sample.c:13: multiple definition of `tot_str_dealloc'
CMakeFiles\simulateprofiles.dir\distrib.c.obj:D:/Progetti R/netsim_hg/sim/distrib.c:7: first defined here
CMakeFiles\simulateprofiles.dir\sample.c.obj: In function `SampleReplace':
D:/Progetti R/netsim_hg/sim/sample.c:15: multiple definition of `tot_str_intalloc'
CMakeFiles\simulateprofiles.dir\distrib.c.obj:D:/Progetti R/netsim_hg/sim/distrib.c:7: first defined here
CMakeFiles\simulateprofiles.dir\sample.c.obj: In function `SampleReplace':
D:/Progetti R/netsim_hg/sim/sample.c:15: multiple definition of `tot_str_intdealloc'
CMakeFiles\simulateprofiles.dir\distrib.c.obj:D:/Progetti R/netsim_hg/sim/distrib.c:7: first defined here
CMakeFiles\simulateprofiles.dir\sample.c.obj: In function `SampleReplace':
D:/Progetti R/netsim_hg/sim/sample.c:15: multiple definition of `fp_fdbg'
CMakeFiles\simulateprofiles.dir\distrib.c.obj:D:/Progetti R/netsim_hg/sim/distrib.c:7: first defined here
CMakeFiles\simulateprofiles.dir\sample.c.obj: In function `SampleReplace':
D:/Progetti R/netsim_hg/sim/sample.c:15: multiple definition of `fp_mdbg_lst'
CMakeFiles\simulateprofiles.dir\distrib.c.obj:D:/Progetti R/netsim_hg/sim/distrib.c:7: first defined here
CMakeFiles\simulateprofiles.dir\sample.c.obj: In function `SampleReplace':
D:/Progetti R/netsim_hg/sim/sample.c:15: multiple definition of `fpm_lst'
CMakeFiles\simulateprofiles.dir\distrib.c.obj:D:/Progetti R/netsim_hg/sim/distrib.c:7: first defined here
CMakeFiles\simulateprofiles.dir\sample.c.obj: In function `SampleReplace':
D:/Progetti R/netsim_hg/sim/sample.c:15: multiple definition of `fp_det'
CMakeFiles\simulateprofiles.dir\distrib.c.obj:D:/Progetti R/netsim_hg/sim/distrib.c:7: first defined here
CMakeFiles\simulateprofiles.dir\sample.c.obj: In function `SampleReplace':
D:/Progetti R/netsim_hg/sim/sample.c:15: multiple definition of `allocLst'
CMakeFiles\simulateprofiles.dir\distrib.c.obj:D:/Progetti R/netsim_hg/sim/distrib.c:7: first defined here
CMakeFiles\simulateprofiles.dir\sample.c.obj: In function `SampleReplace':
D:/Progetti R/netsim_hg/sim/sample.c:15: multiple definition of `allocVett_i'
CMakeFiles\simulateprofiles.dir\distrib.c.obj:D:/Progetti R/netsim_hg/sim/distrib.c:8: first defined here
CMakeFiles\simulateprofiles.dir\sample.c.obj: In function `SampleReplace':
D:/Progetti R/netsim_hg/sim/sample.c:15: multiple definition of `allocMatr_i'
CMakeFiles\simulateprofiles.dir\distrib.c.obj:D:/Progetti R/netsim_hg/sim/distrib.c:8: first defined here
CMakeFiles\simulateprofiles.dir\sample.c.obj: In function `SampleReplace':
D:/Progetti R/netsim_hg/sim/sample.c:15: multiple definition of `fp_mdbg_i'
CMakeFiles\simulateprofiles.dir\distrib.c.obj:D:/Progetti R/netsim_hg/sim/distrib.c:12: first defined here
CMakeFiles\simulateprofiles.dir\sample.c.obj: In function `SampleReplace':
D:/Progetti R/netsim_hg/sim/sample.c:16: multiple definition of `fpm_v_i'
CMakeFiles\simulateprofiles.dir\distrib.c.obj:D:/Progetti R/netsim_hg/sim/distrib.c:12: first defined here
CMakeFiles\simulateprofiles.dir\sample.c.obj: In function `SampleReplace':
D:/Progetti R/netsim_hg/sim/sample.c:16: multiple definition of `fpm_m_i'
CMakeFiles\simulateprofiles.dir\distrib.c.obj:D:/Progetti R/netsim_hg/sim/distrib.c:12: first defined here
CMakeFiles\simulateprofiles.dir\sample.c.obj: In function `SampleReplace':
D:/Progetti R/netsim_hg/sim/sample.c:16: multiple definition of `allocVett_d'
CMakeFiles\simulateprofiles.dir\distrib.c.obj:D:/Progetti R/netsim_hg/sim/distrib.c:12: first defined here
CMakeFiles\simulateprofiles.dir\sample.c.obj: In function `SampleReplace':
D:/Progetti R/netsim_hg/sim/sample.c:16: multiple definition of `allocMatr_d'
CMakeFiles\simulateprofiles.dir\distrib.c.obj:D:/Progetti R/netsim_hg/sim/distrib.c:12: first defined here
CMakeFiles\simulateprofiles.dir\sample.c.obj: In function `SampleReplace':
D:/Progetti R/netsim_hg/sim/sample.c:16: multiple definition of `fp_mdbg_d'
CMakeFiles\simulateprofiles.dir\distrib.c.obj:D:/Progetti R/netsim_hg/sim/distrib.c:12: first defined here
CMakeFiles\simulateprofiles.dir\sample.c.obj: In function `SampleReplace':
D:/Progetti R/netsim_hg/sim/sample.c:16: multiple definition of `fpm_v_d'
CMakeFiles\simulateprofiles.dir\distrib.c.obj:D:/Progetti R/netsim_hg/sim/distrib.c:12: first defined here
CMakeFiles\simulateprofiles.dir\sample.c.obj: In function `SampleReplace':
D:/Progetti R/netsim_hg/sim/sample.c:16: multiple definition of `fpm_m_d'
CMakeFiles\simulateprofiles.dir\distrib.c.obj:D:/Progetti R/netsim_hg/sim/distrib.c:12: first defined here
CMakeFiles\simulateprofiles.dir\sample.c.obj: In function `SampleReplace':
D:/Progetti R/netsim_hg/sim/sample.c:16: multiple definition of `globali'
CMakeFiles\simulateprofiles.dir\simulateprofiles.c.obj:D:/Progetti R/netsim_hg/sim/simulateprofiles.c:23: first defined here
CMakeFiles\simulateprofiles.dir\dinamica.c.obj: In function `signif':
D:/Progetti R/netsim_hg/sim/dinamica.c:8: multiple definition of `id'
CMakeFiles\simulateprofiles.dir\distrib.c.obj:D:/Progetti R/netsim_hg/sim/distrib.c:7: first defined here
CMakeFiles\simulateprofiles.dir\dinamica.c.obj: In function `signif':
D:/Progetti R/netsim_hg/sim/dinamica.c:8: multiple definition of `tot_str_alloc'
CMakeFiles\simulateprofiles.dir\distrib.c.obj:D:/Progetti R/netsim_hg/sim/distrib.c:7: first defined here
CMakeFiles\simulateprofiles.dir\dinamica.c.obj: In function `signif':
D:/Progetti R/netsim_hg/sim/dinamica.c:8: multiple definition of `tot_str_dealloc'
CMakeFiles\simulateprofiles.dir\distrib.c.obj:D:/Progetti R/netsim_hg/sim/distrib.c:7: first defined here
CMakeFiles\simulateprofiles.dir\dinamica.c.obj: In function `signif':
D:/Progetti R/netsim_hg/sim/dinamica.c:8: multiple definition of `tot_str_intalloc'
CMakeFiles\simulateprofiles.dir\distrib.c.obj:D:/Progetti R/netsim_hg/sim/distrib.c:7: first defined here
CMakeFiles\simulateprofiles.dir\dinamica.c.obj: In function `signif':
D:/Progetti R/netsim_hg/sim/dinamica.c:8: multiple definition of `tot_str_intdealloc'
CMakeFiles\simulateprofiles.dir\distrib.c.obj:D:/Progetti R/netsim_hg/sim/distrib.c:7: first defined here
CMakeFiles\simulateprofiles.dir\dinamica.c.obj: In function `signif':
D:/Progetti R/netsim_hg/sim/dinamica.c:8: multiple definition of `fp_fdbg'
CMakeFiles\simulateprofiles.dir\distrib.c.obj:D:/Progetti R/netsim_hg/sim/distrib.c:7: first defined here
CMakeFiles\simulateprofiles.dir\dinamica.c.obj: In function `signif':
D:/Progetti R/netsim_hg/sim/dinamica.c:8: multiple definition of `fp_mdbg_lst'
CMakeFiles\simulateprofiles.dir\distrib.c.obj:D:/Progetti R/netsim_hg/sim/distrib.c:7: first defined here
CMakeFiles\simulateprofiles.dir\dinamica.c.obj: In function `signif':
D:/Progetti R/netsim_hg/sim/dinamica.c:8: multiple definition of `fpm_lst'
CMakeFiles\simulateprofiles.dir\distrib.c.obj:D:/Progetti R/netsim_hg/sim/distrib.c:7: first defined here
CMakeFiles\simulateprofiles.dir\dinamica.c.obj: In function `signif':
D:/Progetti R/netsim_hg/sim/dinamica.c:8: multiple definition of `fp_det'
CMakeFiles\simulateprofiles.dir\distrib.c.obj:D:/Progetti R/netsim_hg/sim/distrib.c:7: first defined here
CMakeFiles\simulateprofiles.dir\dinamica.c.obj: In function `signif':
D:/Progetti R/netsim_hg/sim/dinamica.c:8: multiple definition of `allocLst'
CMakeFiles\simulateprofiles.dir\distrib.c.obj:D:/Progetti R/netsim_hg/sim/distrib.c:7: first defined here
CMakeFiles\simulateprofiles.dir\dinamica.c.obj: In function `signif':
D:/Progetti R/netsim_hg/sim/dinamica.c:8: multiple definition of `allocVett_i'
CMakeFiles\simulateprofiles.dir\distrib.c.obj:D:/Progetti R/netsim_hg/sim/distrib.c:8: first defined here
CMakeFiles\simulateprofiles.dir\dinamica.c.obj: In function `signif':
D:/Progetti R/netsim_hg/sim/dinamica.c:8: multiple definition of `allocMatr_i'
CMakeFiles\simulateprofiles.dir\distrib.c.obj:D:/Progetti R/netsim_hg/sim/distrib.c:8: first defined here
CMakeFiles\simulateprofiles.dir\dinamica.c.obj: In function `signif':
D:/Progetti R/netsim_hg/sim/dinamica.c:8: multiple definition of `fp_mdbg_i'
CMakeFiles\simulateprofiles.dir\distrib.c.obj:D:/Progetti R/netsim_hg/sim/distrib.c:12: first defined here
CMakeFiles\simulateprofiles.dir\dinamica.c.obj: In function `signif':
D:/Progetti R/netsim_hg/sim/dinamica.c:8: multiple definition of `fpm_v_i'
CMakeFiles\simulateprofiles.dir\distrib.c.obj:D:/Progetti R/netsim_hg/sim/distrib.c:12: first defined here
CMakeFiles\simulateprofiles.dir\dinamica.c.obj: In function `signif':
D:/Progetti R/netsim_hg/sim/dinamica.c:8: multiple definition of `fpm_m_i'
CMakeFiles\simulateprofiles.dir\distrib.c.obj:D:/Progetti R/netsim_hg/sim/distrib.c:12: first defined here
CMakeFiles\simulateprofiles.dir\dinamica.c.obj: In function `signif':
D:/Progetti R/netsim_hg/sim/dinamica.c:8: multiple definition of `allocVett_d'
CMakeFiles\simulateprofiles.dir\distrib.c.obj:D:/Progetti R/netsim_hg/sim/distrib.c:12: first defined here
CMakeFiles\simulateprofiles.dir\dinamica.c.obj: In function `signif':
D:/Progetti R/netsim_hg/sim/dinamica.c:11: multiple definition of `allocMatr_d'
CMakeFiles\simulateprofiles.dir\distrib.c.obj:D:/Progetti R/netsim_hg/sim/distrib.c:12: first defined here
CMakeFiles\simulateprofiles.dir\dinamica.c.obj: In function `signif':
D:/Progetti R/netsim_hg/sim/dinamica.c:11: multiple definition of `fp_mdbg_d'
CMakeFiles\simulateprofiles.dir\distrib.c.obj:D:/Progetti R/netsim_hg/sim/distrib.c:12: first defined here
CMakeFiles\simulateprofiles.dir\dinamica.c.obj: In function `signif':
D:/Progetti R/netsim_hg/sim/dinamica.c:11: multiple definition of `fpm_v_d'
CMakeFiles\simulateprofiles.dir\distrib.c.obj:D:/Progetti R/netsim_hg/sim/distrib.c:12: first defined here
CMakeFiles\simulateprofiles.dir\dinamica.c.obj: In function `signif':
D:/Progetti R/netsim_hg/sim/dinamica.c:11: multiple definition of `fpm_m_d'
CMakeFiles\simulateprofiles.dir\distrib.c.obj:D:/Progetti R/netsim_hg/sim/distrib.c:12: first defined here
CMakeFiles\simulateprofiles.dir\dinamica.c.obj: In function `signif':
D:/Progetti R/netsim_hg/sim/dinamica.c:12: multiple definition of `globali'
CMakeFiles\simulateprofiles.dir\simulateprofiles.c.obj:D:/Progetti R/netsim_hg/sim/simulateprofiles.c:23: first defined here
CMakeFiles\simulateprofiles.dir\target.c.obj: In function `target1':
D:/Progetti R/netsim_hg/sim/target.c:32: multiple definition of `id'
CMakeFiles\simulateprofiles.dir\distrib.c.obj:D:/Progetti R/netsim_hg/sim/distrib.c:7: first defined here
CMakeFiles\simulateprofiles.dir\target.c.obj: In function `target1':
D:/Progetti R/netsim_hg/sim/target.c:32: multiple definition of `tot_str_alloc'
CMakeFiles\simulateprofiles.dir\distrib.c.obj:D:/Progetti R/netsim_hg/sim/distrib.c:7: first defined here
CMakeFiles\simulateprofiles.dir\target.c.obj: In function `target1':
D:/Progetti R/netsim_hg/sim/target.c:32: multiple definition of `tot_str_dealloc'
CMakeFiles\simulateprofiles.dir\distrib.c.obj:D:/Progetti R/netsim_hg/sim/distrib.c:7: first defined here
CMakeFiles\simulateprofiles.dir\target.c.obj: In function `target1':
D:/Progetti R/netsim_hg/sim/target.c:32: multiple definition of `tot_str_intalloc'
CMakeFiles\simulateprofiles.dir\distrib.c.obj:D:/Progetti R/netsim_hg/sim/distrib.c:7: first defined here
CMakeFiles\simulateprofiles.dir\target.c.obj: In function `target1':
D:/Progetti R/netsim_hg/sim/target.c:32: multiple definition of `tot_str_intdealloc'
CMakeFiles\simulateprofiles.dir\distrib.c.obj:D:/Progetti R/netsim_hg/sim/distrib.c:7: first defined here
CMakeFiles\simulateprofiles.dir\target.c.obj: In function `target1':
D:/Progetti R/netsim_hg/sim/target.c:32: multiple definition of `fp_fdbg'
CMakeFiles\simulateprofiles.dir\distrib.c.obj:D:/Progetti R/netsim_hg/sim/distrib.c:7: first defined here
CMakeFiles\simulateprofiles.dir\target.c.obj: In function `target1':
D:/Progetti R/netsim_hg/sim/target.c:32: multiple definition of `fp_mdbg_lst'
CMakeFiles\simulateprofiles.dir\distrib.c.obj:D:/Progetti R/netsim_hg/sim/distrib.c:7: first defined here
CMakeFiles\simulateprofiles.dir\target.c.obj: In function `target1':
D:/Progetti R/netsim_hg/sim/target.c:32: multiple definition of `fpm_lst'
CMakeFiles\simulateprofiles.dir\distrib.c.obj:D:/Progetti R/netsim_hg/sim/distrib.c:7: first defined here
CMakeFiles\simulateprofiles.dir\target.c.obj: In function `target1':
D:/Progetti R/netsim_hg/sim/target.c:32: multiple definition of `fp_det'
CMakeFiles\simulateprofiles.dir\distrib.c.obj:D:/Progetti R/netsim_hg/sim/distrib.c:7: first defined here
CMakeFiles\simulateprofiles.dir\target.c.obj: In function `target1':
D:/Progetti R/netsim_hg/sim/target.c:32: multiple definition of `allocLst'
CMakeFiles\simulateprofiles.dir\distrib.c.obj:D:/Progetti R/netsim_hg/sim/distrib.c:7: first defined here
CMakeFiles\simulateprofiles.dir\target.c.obj: In function `target1':
D:/Progetti R/netsim_hg/sim/target.c:32: multiple definition of `allocVett_i'
CMakeFiles\simulateprofiles.dir\distrib.c.obj:D:/Progetti R/netsim_hg/sim/distrib.c:8: first defined here
CMakeFiles\simulateprofiles.dir\target.c.obj: In function `target1':
D:/Progetti R/netsim_hg/sim/target.c:32: multiple definition of `allocMatr_i'
CMakeFiles\simulateprofiles.dir\distrib.c.obj:D:/Progetti R/netsim_hg/sim/distrib.c:8: first defined here
CMakeFiles\simulateprofiles.dir\target.c.obj: In function `target1':
D:/Progetti R/netsim_hg/sim/target.c:32: multiple definition of `fp_mdbg_i'
CMakeFiles\simulateprofiles.dir\distrib.c.obj:D:/Progetti R/netsim_hg/sim/distrib.c:12: first defined here
CMakeFiles\simulateprofiles.dir\target.c.obj: In function `target1':
D:/Progetti R/netsim_hg/sim/target.c:32: multiple definition of `fpm_v_i'
CMakeFiles\simulateprofiles.dir\distrib.c.obj:D:/Progetti R/netsim_hg/sim/distrib.c:12: first defined here
CMakeFiles\simulateprofiles.dir\target.c.obj: In function `target1':
D:/Progetti R/netsim_hg/sim/target.c:32: multiple definition of `fpm_m_i'
CMakeFiles\simulateprofiles.dir\distrib.c.obj:D:/Progetti R/netsim_hg/sim/distrib.c:12: first defined here
CMakeFiles\simulateprofiles.dir\target.c.obj: In function `target1':
D:/Progetti R/netsim_hg/sim/target.c:35: multiple definition of `allocVett_d'
CMakeFiles\simulateprofiles.dir\distrib.c.obj:D:/Progetti R/netsim_hg/sim/distrib.c:12: first defined here
CMakeFiles\simulateprofiles.dir\target.c.obj: In function `target1':
D:/Progetti R/netsim_hg/sim/target.c:35: multiple definition of `allocMatr_d'
CMakeFiles\simulateprofiles.dir\distrib.c.obj:D:/Progetti R/netsim_hg/sim/distrib.c:12: first defined here
CMakeFiles\simulateprofiles.dir\target.c.obj: In function `target1':
D:/Progetti R/netsim_hg/sim/target.c:35: multiple definition of `fp_mdbg_d'
CMakeFiles\simulateprofiles.dir\distrib.c.obj:D:/Progetti R/netsim_hg/sim/distrib.c:12: first defined here
CMakeFiles\simulateprofiles.dir\target.c.obj: In function `target1':
D:/Progetti R/netsim_hg/sim/target.c:35: multiple definition of `fpm_v_d'
CMakeFiles\simulateprofiles.dir\distrib.c.obj:D:/Progetti R/netsim_hg/sim/distrib.c:12: first defined here
CMakeFiles\simulateprofiles.dir\target.c.obj: In function `target1':
D:/Progetti R/netsim_hg/sim/target.c:35: multiple definition of `fpm_m_d'
CMakeFiles\simulateprofiles.dir\distrib.c.obj:D:/Progetti R/netsim_hg/sim/distrib.c:12: first defined here
CMakeFiles\simulateprofiles.dir\target.c.obj: In function `target1':
D:/Progetti R/netsim_hg/sim/target.c:38: multiple definition of `globali'
CMakeFiles\simulateprofiles.dir\simulateprofiles.c.obj:D:/Progetti R/netsim_hg/sim/simulateprofiles.c:23: first defined here
CMakeFiles\simulateprofiles.dir\boole_result.c.obj: In function `boole_result':
D:/Progetti R/netsim_hg/sim/boole_result.c:8: multiple definition of `id'
CMakeFiles\simulateprofiles.dir\distrib.c.obj:D:/Progetti R/netsim_hg/sim/distrib.c:7: first defined here
CMakeFiles\simulateprofiles.dir\boole_result.c.obj: In function `boole_result':
D:/Progetti R/netsim_hg/sim/boole_result.c:8: multiple definition of `tot_str_alloc'
CMakeFiles\simulateprofiles.dir\distrib.c.obj:D:/Progetti R/netsim_hg/sim/distrib.c:7: first defined here
CMakeFiles\simulateprofiles.dir\boole_result.c.obj: In function `boole_result':
D:/Progetti R/netsim_hg/sim/boole_result.c:8: multiple definition of `tot_str_dealloc'
CMakeFiles\simulateprofiles.dir\distrib.c.obj:D:/Progetti R/netsim_hg/sim/distrib.c:7: first defined here
CMakeFiles\simulateprofiles.dir\boole_result.c.obj: In function `boole_result':
D:/Progetti R/netsim_hg/sim/boole_result.c:8: multiple definition of `tot_str_intalloc'
CMakeFiles\simulateprofiles.dir\distrib.c.obj:D:/Progetti R/netsim_hg/sim/distrib.c:7: first defined here
CMakeFiles\simulateprofiles.dir\boole_result.c.obj: In function `boole_result':
D:/Progetti R/netsim_hg/sim/boole_result.c:8: multiple definition of `tot_str_intdealloc'
CMakeFiles\simulateprofiles.dir\distrib.c.obj:D:/Progetti R/netsim_hg/sim/distrib.c:7: first defined here
CMakeFiles\simulateprofiles.dir\boole_result.c.obj: In function `boole_result':
D:/Progetti R/netsim_hg/sim/boole_result.c:8: multiple definition of `fp_fdbg'
CMakeFiles\simulateprofiles.dir\distrib.c.obj:D:/Progetti R/netsim_hg/sim/distrib.c:7: first defined here
CMakeFiles\simulateprofiles.dir\boole_result.c.obj: In function `boole_result':
D:/Progetti R/netsim_hg/sim/boole_result.c:8: multiple definition of `fp_mdbg_lst'
CMakeFiles\simulateprofiles.dir\distrib.c.obj:D:/Progetti R/netsim_hg/sim/distrib.c:7: first defined here
CMakeFiles\simulateprofiles.dir\boole_result.c.obj: In function `boole_result':
D:/Progetti R/netsim_hg/sim/boole_result.c:8: multiple definition of `fpm_lst'
CMakeFiles\simulateprofiles.dir\distrib.c.obj:D:/Progetti R/netsim_hg/sim/distrib.c:7: first defined here
CMakeFiles\simulateprofiles.dir\boole_result.c.obj: In function `boole_result':
D:/Progetti R/netsim_hg/sim/boole_result.c:8: multiple definition of `fp_det'
CMakeFiles\simulateprofiles.dir\distrib.c.obj:D:/Progetti R/netsim_hg/sim/distrib.c:7: first defined here
CMakeFiles\simulateprofiles.dir\boole_result.c.obj: In function `boole_result':
D:/Progetti R/netsim_hg/sim/boole_result.c:8: multiple definition of `allocLst'
CMakeFiles\simulateprofiles.dir\distrib.c.obj:D:/Progetti R/netsim_hg/sim/distrib.c:7: first defined here
CMakeFiles\simulateprofiles.dir\boole_result.c.obj: In function `boole_result':
D:/Progetti R/netsim_hg/sim/boole_result.c:8: multiple definition of `allocVett_i'
CMakeFiles\simulateprofiles.dir\distrib.c.obj:D:/Progetti R/netsim_hg/sim/distrib.c:8: first defined here
CMakeFiles\simulateprofiles.dir\boole_result.c.obj: In function `boole_result':
D:/Progetti R/netsim_hg/sim/boole_result.c:9: multiple definition of `allocMatr_i'
CMakeFiles\simulateprofiles.dir\distrib.c.obj:D:/Progetti R/netsim_hg/sim/distrib.c:8: first defined here
CMakeFiles\simulateprofiles.dir\boole_result.c.obj: In function `boole_result':
D:/Progetti R/netsim_hg/sim/boole_result.c:9: multiple definition of `fp_mdbg_i'
CMakeFiles\simulateprofiles.dir\distrib.c.obj:D:/Progetti R/netsim_hg/sim/distrib.c:12: first defined here
CMakeFiles\simulateprofiles.dir\boole_result.c.obj: In function `boole_result':
D:/Progetti R/netsim_hg/sim/boole_result.c:12: multiple definition of `fpm_v_i'
CMakeFiles\simulateprofiles.dir\distrib.c.obj:D:/Progetti R/netsim_hg/sim/distrib.c:12: first defined here
CMakeFiles\simulateprofiles.dir\boole_result.c.obj: In function `boole_result':
D:/Progetti R/netsim_hg/sim/boole_result.c:12: multiple definition of `fpm_m_i'
CMakeFiles\simulateprofiles.dir\distrib.c.obj:D:/Progetti R/netsim_hg/sim/distrib.c:12: first defined here
CMakeFiles\simulateprofiles.dir\boole_result.c.obj: In function `boole_result':
D:/Progetti R/netsim_hg/sim/boole_result.c:15: multiple definition of `allocVett_d'
CMakeFiles\simulateprofiles.dir\distrib.c.obj:D:/Progetti R/netsim_hg/sim/distrib.c:12: first defined here
CMakeFiles\simulateprofiles.dir\boole_result.c.obj: In function `boole_result':
D:/Progetti R/netsim_hg/sim/boole_result.c:15: multiple definition of `allocMatr_d'
CMakeFiles\simulateprofiles.dir\distrib.c.obj:D:/Progetti R/netsim_hg/sim/distrib.c:12: first defined here
CMakeFiles\simulateprofiles.dir\boole_result.c.obj: In function `boole_result':
D:/Progetti R/netsim_hg/sim/boole_result.c:15: multiple definition of `fp_mdbg_d'
CMakeFiles\simulateprofiles.dir\distrib.c.obj:D:/Progetti R/netsim_hg/sim/distrib.c:12: first defined here
CMakeFiles\simulateprofiles.dir\boole_result.c.obj: In function `boole_result':
D:/Progetti R/netsim_hg/sim/boole_result.c:30: multiple definition of `fpm_v_d'
CMakeFiles\simulateprofiles.dir\distrib.c.obj:D:/Progetti R/netsim_hg/sim/distrib.c:12: first defined here
CMakeFiles\simulateprofiles.dir\boole_result.c.obj: In function `boole_result':
D:/Progetti R/netsim_hg/sim/boole_result.c:30: multiple definition of `fpm_m_d'
CMakeFiles\simulateprofiles.dir\distrib.c.obj:D:/Progetti R/netsim_hg/sim/distrib.c:12: first defined here
CMakeFiles\simulateprofiles.dir\boole_result.c.obj: In function `boole_result':
D:/Progetti R/netsim_hg/sim/boole_result.c:30: multiple definition of `globali'
CMakeFiles\simulateprofiles.dir\simulateprofiles.c.obj:D:/Progetti R/netsim_hg/sim/simulateprofiles.c:23: first defined here
CMakeFiles\simulateprofiles.dir\next_op.c.obj: In function `next_op':
D:/Progetti R/netsim_hg/sim/next_op.c:4: multiple definition of `id'
CMakeFiles\simulateprofiles.dir\distrib.c.obj:D:/Progetti R/netsim_hg/sim/distrib.c:7: first defined here
CMakeFiles\simulateprofiles.dir\next_op.c.obj: In function `next_op':
D:/Progetti R/netsim_hg/sim/next_op.c:4: multiple definition of `tot_str_alloc'
CMakeFiles\simulateprofiles.dir\distrib.c.obj:D:/Progetti R/netsim_hg/sim/distrib.c:7: first defined here
CMakeFiles\simulateprofiles.dir\next_op.c.obj: In function `next_op':
D:/Progetti R/netsim_hg/sim/next_op.c:4: multiple definition of `tot_str_dealloc'
CMakeFiles\simulateprofiles.dir\distrib.c.obj:D:/Progetti R/netsim_hg/sim/distrib.c:7: first defined here
CMakeFiles\simulateprofiles.dir\next_op.c.obj: In function `next_op':
D:/Progetti R/netsim_hg/sim/next_op.c:4: multiple definition of `tot_str_intalloc'
CMakeFiles\simulateprofiles.dir\distrib.c.obj:D:/Progetti R/netsim_hg/sim/distrib.c:7: first defined here
CMakeFiles\simulateprofiles.dir\next_op.c.obj: In function `next_op':
D:/Progetti R/netsim_hg/sim/next_op.c:4: multiple definition of `tot_str_intdealloc'
CMakeFiles\simulateprofiles.dir\distrib.c.obj:D:/Progetti R/netsim_hg/sim/distrib.c:7: first defined here
CMakeFiles\simulateprofiles.dir\next_op.c.obj: In function `next_op':
D:/Progetti R/netsim_hg/sim/next_op.c:4: multiple definition of `fp_fdbg'
CMakeFiles\simulateprofiles.dir\distrib.c.obj:D:/Progetti R/netsim_hg/sim/distrib.c:7: first defined here
CMakeFiles\simulateprofiles.dir\next_op.c.obj: In function `next_op':
D:/Progetti R/netsim_hg/sim/next_op.c:4: multiple definition of `fp_mdbg_lst'
CMakeFiles\simulateprofiles.dir\distrib.c.obj:D:/Progetti R/netsim_hg/sim/distrib.c:7: first defined here
CMakeFiles\simulateprofiles.dir\next_op.c.obj: In function `next_op':
D:/Progetti R/netsim_hg/sim/next_op.c:4: multiple definition of `fpm_lst'
CMakeFiles\simulateprofiles.dir\distrib.c.obj:D:/Progetti R/netsim_hg/sim/distrib.c:7: first defined here
CMakeFiles\simulateprofiles.dir\next_op.c.obj: In function `next_op':
D:/Progetti R/netsim_hg/sim/next_op.c:4: multiple definition of `fp_det'
CMakeFiles\simulateprofiles.dir\distrib.c.obj:D:/Progetti R/netsim_hg/sim/distrib.c:7: first defined here
CMakeFiles\simulateprofiles.dir\next_op.c.obj: In function `next_op':
D:/Progetti R/netsim_hg/sim/next_op.c:4: multiple definition of `allocLst'
CMakeFiles\simulateprofiles.dir\distrib.c.obj:D:/Progetti R/netsim_hg/sim/distrib.c:7: first defined here
CMakeFiles\simulateprofiles.dir\next_op.c.obj: In function `next_op':
D:/Progetti R/netsim_hg/sim/next_op.c:7: multiple definition of `allocVett_i'
CMakeFiles\simulateprofiles.dir\distrib.c.obj:D:/Progetti R/netsim_hg/sim/distrib.c:8: first defined here
CMakeFiles\simulateprofiles.dir\next_op.c.obj: In function `next_op':
D:/Progetti R/netsim_hg/sim/next_op.c:7: multiple definition of `allocMatr_i'
CMakeFiles\simulateprofiles.dir\distrib.c.obj:D:/Progetti R/netsim_hg/sim/distrib.c:8: first defined here
CMakeFiles\simulateprofiles.dir\next_op.c.obj: In function `next_op':
D:/Progetti R/netsim_hg/sim/next_op.c:7: multiple definition of `fp_mdbg_i'
CMakeFiles\simulateprofiles.dir\distrib.c.obj:D:/Progetti R/netsim_hg/sim/distrib.c:12: first defined here
CMakeFiles\simulateprofiles.dir\next_op.c.obj: In function `next_op':
D:/Progetti R/netsim_hg/sim/next_op.c:7: multiple definition of `fpm_v_i'
CMakeFiles\simulateprofiles.dir\distrib.c.obj:D:/Progetti R/netsim_hg/sim/distrib.c:12: first defined here
CMakeFiles\simulateprofiles.dir\next_op.c.obj: In function `next_op':
D:/Progetti R/netsim_hg/sim/next_op.c:7: multiple definition of `fpm_m_i'
CMakeFiles\simulateprofiles.dir\distrib.c.obj:D:/Progetti R/netsim_hg/sim/distrib.c:12: first defined here
CMakeFiles\simulateprofiles.dir\next_op.c.obj: In function `next_op':
D:/Progetti R/netsim_hg/sim/next_op.c:7: multiple definition of `allocVett_d'
CMakeFiles\simulateprofiles.dir\distrib.c.obj:D:/Progetti R/netsim_hg/sim/distrib.c:12: first defined here
CMakeFiles\simulateprofiles.dir\next_op.c.obj: In function `next_op':
D:/Progetti R/netsim_hg/sim/next_op.c:7: multiple definition of `allocMatr_d'
CMakeFiles\simulateprofiles.dir\distrib.c.obj:D:/Progetti R/netsim_hg/sim/distrib.c:12: first defined here
CMakeFiles\simulateprofiles.dir\next_op.c.obj: In function `next_op':
D:/Progetti R/netsim_hg/sim/next_op.c:7: multiple definition of `fp_mdbg_d'
CMakeFiles\simulateprofiles.dir\distrib.c.obj:D:/Progetti R/netsim_hg/sim/distrib.c:12: first defined here
CMakeFiles\simulateprofiles.dir\next_op.c.obj: In function `next_op':
D:/Progetti R/netsim_hg/sim/next_op.c:7: multiple definition of `fpm_v_d'
CMakeFiles\simulateprofiles.dir\distrib.c.obj:D:/Progetti R/netsim_hg/sim/distrib.c:12: first defined here
CMakeFiles\simulateprofiles.dir\next_op.c.obj: In function `next_op':
D:/Progetti R/netsim_hg/sim/next_op.c:7: multiple definition of `fpm_m_d'
CMakeFiles\simulateprofiles.dir\distrib.c.obj:D:/Progetti R/netsim_hg/sim/distrib.c:12: first defined here
CMakeFiles\simulateprofiles.dir\write_table.c.obj: In function `write_m_i':
D:/Progetti R/netsim_hg/sim/write_table.c:5: multiple definition of `id'
CMakeFiles\simulateprofiles.dir\distrib.c.obj:D:/Progetti R/netsim_hg/sim/distrib.c:7: first defined here
CMakeFiles\simulateprofiles.dir\write_table.c.obj: In function `write_m_i':
D:/Progetti R/netsim_hg/sim/write_table.c:5: multiple definition of `tot_str_alloc'
CMakeFiles\simulateprofiles.dir\distrib.c.obj:D:/Progetti R/netsim_hg/sim/distrib.c:7: first defined here
CMakeFiles\simulateprofiles.dir\write_table.c.obj: In function `write_m_i':
D:/Progetti R/netsim_hg/sim/write_table.c:5: multiple definition of `tot_str_dealloc'
CMakeFiles\simulateprofiles.dir\distrib.c.obj:D:/Progetti R/netsim_hg/sim/distrib.c:7: first defined here
CMakeFiles\simulateprofiles.dir\write_table.c.obj: In function `write_m_i':
D:/Progetti R/netsim_hg/sim/write_table.c:5: multiple definition of `tot_str_intalloc'
CMakeFiles\simulateprofiles.dir\distrib.c.obj:D:/Progetti R/netsim_hg/sim/distrib.c:7: first defined here
CMakeFiles\simulateprofiles.dir\write_table.c.obj: In function `write_m_i':
D:/Progetti R/netsim_hg/sim/write_table.c:5: multiple definition of `tot_str_intdealloc'
CMakeFiles\simulateprofiles.dir\distrib.c.obj:D:/Progetti R/netsim_hg/sim/distrib.c:7: first defined here
CMakeFiles\simulateprofiles.dir\write_table.c.obj: In function `write_m_i':
D:/Progetti R/netsim_hg/sim/write_table.c:5: multiple definition of `fp_fdbg'
CMakeFiles\simulateprofiles.dir\distrib.c.obj:D:/Progetti R/netsim_hg/sim/distrib.c:7: first defined here
CMakeFiles\simulateprofiles.dir\write_table.c.obj: In function `write_m_i':
D:/Progetti R/netsim_hg/sim/write_table.c:5: multiple definition of `fp_mdbg_lst'
CMakeFiles\simulateprofiles.dir\distrib.c.obj:D:/Progetti R/netsim_hg/sim/distrib.c:7: first defined here
CMakeFiles\simulateprofiles.dir\write_table.c.obj: In function `write_m_i':
D:/Progetti R/netsim_hg/sim/write_table.c:5: multiple definition of `fpm_lst'
CMakeFiles\simulateprofiles.dir\distrib.c.obj:D:/Progetti R/netsim_hg/sim/distrib.c:7: first defined here
CMakeFiles\simulateprofiles.dir\write_table.c.obj: In function `write_m_i':
D:/Progetti R/netsim_hg/sim/write_table.c:5: multiple definition of `fp_det'
CMakeFiles\simulateprofiles.dir\distrib.c.obj:D:/Progetti R/netsim_hg/sim/distrib.c:7: first defined here
CMakeFiles\simulateprofiles.dir\write_table.c.obj: In function `write_m_i':
D:/Progetti R/netsim_hg/sim/write_table.c:5: multiple definition of `allocLst'
CMakeFiles\simulateprofiles.dir\distrib.c.obj:D:/Progetti R/netsim_hg/sim/distrib.c:7: first defined here
CMakeFiles\simulateprofiles.dir\write_table.c.obj: In function `write_m_i':
D:/Progetti R/netsim_hg/sim/write_table.c:6: multiple definition of `allocVett_i'
CMakeFiles\simulateprofiles.dir\distrib.c.obj:D:/Progetti R/netsim_hg/sim/distrib.c:8: first defined here
CMakeFiles\simulateprofiles.dir\write_table.c.obj: In function `write_m_i':
D:/Progetti R/netsim_hg/sim/write_table.c:6: multiple definition of `allocMatr_i'
CMakeFiles\simulateprofiles.dir\distrib.c.obj:D:/Progetti R/netsim_hg/sim/distrib.c:8: first defined here
CMakeFiles\simulateprofiles.dir\write_table.c.obj: In function `write_m_i':
D:/Progetti R/netsim_hg/sim/write_table.c:9: multiple definition of `fp_mdbg_i'
CMakeFiles\simulateprofiles.dir\distrib.c.obj:D:/Progetti R/netsim_hg/sim/distrib.c:12: first defined here
CMakeFiles\simulateprofiles.dir\write_table.c.obj: In function `write_m_i':
D:/Progetti R/netsim_hg/sim/write_table.c:9: multiple definition of `fpm_v_i'
CMakeFiles\simulateprofiles.dir\distrib.c.obj:D:/Progetti R/netsim_hg/sim/distrib.c:12: first defined here
CMakeFiles\simulateprofiles.dir\write_table.c.obj: In function `write_m_i':
D:/Progetti R/netsim_hg/sim/write_table.c:9: multiple definition of `fpm_m_i'
CMakeFiles\simulateprofiles.dir\distrib.c.obj:D:/Progetti R/netsim_hg/sim/distrib.c:12: first defined here
CMakeFiles\simulateprofiles.dir\write_table.c.obj: In function `write_m_i':
D:/Progetti R/netsim_hg/sim/write_table.c:5: multiple definition of `allocVett_d'
CMakeFiles\simulateprofiles.dir\distrib.c.obj:D:/Progetti R/netsim_hg/sim/distrib.c:12: first defined here
CMakeFiles\simulateprofiles.dir\write_table.c.obj: In function `write_m_i':
D:/Progetti R/netsim_hg/sim/write_table.c:5: multiple definition of `allocMatr_d'
CMakeFiles\simulateprofiles.dir\distrib.c.obj:D:/Progetti R/netsim_hg/sim/distrib.c:12: first defined here
CMakeFiles\simulateprofiles.dir\write_table.c.obj: In function `write_m_i':
D:/Progetti R/netsim_hg/sim/write_table.c:5: multiple definition of `fp_mdbg_d'
CMakeFiles\simulateprofiles.dir\distrib.c.obj:D:/Progetti R/netsim_hg/sim/distrib.c:12: first defined here
CMakeFiles\simulateprofiles.dir\write_table.c.obj: In function `write_m_i':
D:/Progetti R/netsim_hg/sim/write_table.c:5: multiple definition of `fpm_v_d'
CMakeFiles\simulateprofiles.dir\distrib.c.obj:D:/Progetti R/netsim_hg/sim/distrib.c:12: first defined here
CMakeFiles\simulateprofiles.dir\write_table.c.obj: In function `write_m_i':
D:/Progetti R/netsim_hg/sim/write_table.c:5: multiple definition of `fpm_m_d'
CMakeFiles\simulateprofiles.dir\distrib.c.obj:D:/Progetti R/netsim_hg/sim/distrib.c:12: first defined here
CMakeFiles\simulateprofiles.dir\lsoda.c.obj: In function `funzione':
D:/Progetti R/netsim_hg/sim/lsoda.c:15: multiple definition of `id'
CMakeFiles\simulateprofiles.dir\distrib.c.obj:D:/Progetti R/netsim_hg/sim/distrib.c:7: first defined here
CMakeFiles\simulateprofiles.dir\lsoda.c.obj: In function `funzione':
D:/Progetti R/netsim_hg/sim/lsoda.c:15: multiple definition of `tot_str_alloc'
CMakeFiles\simulateprofiles.dir\distrib.c.obj:D:/Progetti R/netsim_hg/sim/distrib.c:7: first defined here
CMakeFiles\simulateprofiles.dir\lsoda.c.obj: In function `funzione':
D:/Progetti R/netsim_hg/sim/lsoda.c:15: multiple definition of `tot_str_dealloc'
CMakeFiles\simulateprofiles.dir\distrib.c.obj:D:/Progetti R/netsim_hg/sim/distrib.c:7: first defined here
CMakeFiles\simulateprofiles.dir\lsoda.c.obj: In function `funzione':
D:/Progetti R/netsim_hg/sim/lsoda.c:15: multiple definition of `tot_str_intalloc'
CMakeFiles\simulateprofiles.dir\distrib.c.obj:D:/Progetti R/netsim_hg/sim/distrib.c:7: first defined here
CMakeFiles\simulateprofiles.dir\lsoda.c.obj: In function `funzione':
D:/Progetti R/netsim_hg/sim/lsoda.c:15: multiple definition of `tot_str_intdealloc'
CMakeFiles\simulateprofiles.dir\distrib.c.obj:D:/Progetti R/netsim_hg/sim/distrib.c:7: first defined here
CMakeFiles\simulateprofiles.dir\lsoda.c.obj: In function `funzione':
D:/Progetti R/netsim_hg/sim/lsoda.c:15: multiple definition of `fp_fdbg'
CMakeFiles\simulateprofiles.dir\distrib.c.obj:D:/Progetti R/netsim_hg/sim/distrib.c:7: first defined here
CMakeFiles\simulateprofiles.dir\lsoda.c.obj: In function `funzione':
D:/Progetti R/netsim_hg/sim/lsoda.c:15: multiple definition of `fp_mdbg_lst'
CMakeFiles\simulateprofiles.dir\distrib.c.obj:D:/Progetti R/netsim_hg/sim/distrib.c:7: first defined here
CMakeFiles\simulateprofiles.dir\lsoda.c.obj: In function `funzione':
D:/Progetti R/netsim_hg/sim/lsoda.c:15: multiple definition of `fpm_lst'
CMakeFiles\simulateprofiles.dir\distrib.c.obj:D:/Progetti R/netsim_hg/sim/distrib.c:7: first defined here
CMakeFiles\simulateprofiles.dir\lsoda.c.obj: In function `funzione':
D:/Progetti R/netsim_hg/sim/lsoda.c:15: multiple definition of `fp_det'
CMakeFiles\simulateprofiles.dir\distrib.c.obj:D:/Progetti R/netsim_hg/sim/distrib.c:7: first defined here
CMakeFiles\simulateprofiles.dir\lsoda.c.obj: In function `funzione':
D:/Progetti R/netsim_hg/sim/lsoda.c:15: multiple definition of `allocLst'
CMakeFiles\simulateprofiles.dir\distrib.c.obj:D:/Progetti R/netsim_hg/sim/distrib.c:7: first defined here
CMakeFiles\simulateprofiles.dir\lsoda.c.obj: In function `funzione':
D:/Progetti R/netsim_hg/sim/lsoda.c:15: multiple definition of `allocVett_i'
CMakeFiles\simulateprofiles.dir\distrib.c.obj:D:/Progetti R/netsim_hg/sim/distrib.c:8: first defined here
CMakeFiles\simulateprofiles.dir\lsoda.c.obj: In function `funzione':
D:/Progetti R/netsim_hg/sim/lsoda.c:15: multiple definition of `allocMatr_i'
CMakeFiles\simulateprofiles.dir\distrib.c.obj:D:/Progetti R/netsim_hg/sim/distrib.c:8: first defined here
CMakeFiles\simulateprofiles.dir\lsoda.c.obj: In function `funzione':
D:/Progetti R/netsim_hg/sim/lsoda.c:15: multiple definition of `fp_mdbg_i'
CMakeFiles\simulateprofiles.dir\distrib.c.obj:D:/Progetti R/netsim_hg/sim/distrib.c:12: first defined here
CMakeFiles\simulateprofiles.dir\lsoda.c.obj: In function `funzione':
D:/Progetti R/netsim_hg/sim/lsoda.c:15: multiple definition of `fpm_v_i'
CMakeFiles\simulateprofiles.dir\distrib.c.obj:D:/Progetti R/netsim_hg/sim/distrib.c:12: first defined here
CMakeFiles\simulateprofiles.dir\lsoda.c.obj: In function `funzione':
D:/Progetti R/netsim_hg/sim/lsoda.c:15: multiple definition of `fpm_m_i'
CMakeFiles\simulateprofiles.dir\distrib.c.obj:D:/Progetti R/netsim_hg/sim/distrib.c:12: first defined here
CMakeFiles\simulateprofiles.dir\lsoda.c.obj: In function `funzione':
D:/Progetti R/netsim_hg/sim/lsoda.c:15: multiple definition of `allocVett_d'
CMakeFiles\simulateprofiles.dir\distrib.c.obj:D:/Progetti R/netsim_hg/sim/distrib.c:12: first defined here
CMakeFiles\simulateprofiles.dir\lsoda.c.obj: In function `funzione':
D:/Progetti R/netsim_hg/sim/lsoda.c:16: multiple definition of `allocMatr_d'
CMakeFiles\simulateprofiles.dir\distrib.c.obj:D:/Progetti R/netsim_hg/sim/distrib.c:12: first defined here
CMakeFiles\simulateprofiles.dir\lsoda.c.obj: In function `funzione':
D:/Progetti R/netsim_hg/sim/lsoda.c:16: multiple definition of `fp_mdbg_d'
CMakeFiles\simulateprofiles.dir\distrib.c.obj:D:/Progetti R/netsim_hg/sim/distrib.c:12: first defined here
CMakeFiles\simulateprofiles.dir\lsoda.c.obj: In function `funzione':
D:/Progetti R/netsim_hg/sim/lsoda.c:18: multiple definition of `fpm_v_d'
CMakeFiles\simulateprofiles.dir\distrib.c.obj:D:/Progetti R/netsim_hg/sim/distrib.c:12: first defined here
CMakeFiles\simulateprofiles.dir\lsoda.c.obj: In function `funzione':
D:/Progetti R/netsim_hg/sim/lsoda.c:18: multiple definition of `fpm_m_d'
CMakeFiles\simulateprofiles.dir\distrib.c.obj:D:/Progetti R/netsim_hg/sim/distrib.c:12: first defined here
CMakeFiles\simulateprofiles.dir\lsoda.c.obj: In function `funzione':
D:/Progetti R/netsim_hg/sim/lsoda.c:21: multiple definition of `globali'
CMakeFiles\simulateprofiles.dir\simulateprofiles.c.obj:D:/Progetti R/netsim_hg/sim/simulateprofiles.c:23: first defined here
CMakeFiles\simulateprofiles.dir\read_table.c.obj: In function `read_lst_i':
D:/Progetti R/netsim_hg/sim/read_table.c:5: multiple definition of `id'
CMakeFiles\simulateprofiles.dir\distrib.c.obj:D:/Progetti R/netsim_hg/sim/distrib.c:7: first defined here
CMakeFiles\simulateprofiles.dir\read_table.c.obj: In function `read_lst_i':
D:/Progetti R/netsim_hg/sim/read_table.c:5: multiple definition of `tot_str_alloc'
CMakeFiles\simulateprofiles.dir\distrib.c.obj:D:/Progetti R/netsim_hg/sim/distrib.c:7: first defined here
CMakeFiles\simulateprofiles.dir\read_table.c.obj: In function `read_lst_i':
D:/Progetti R/netsim_hg/sim/read_table.c:5: multiple definition of `tot_str_dealloc'
CMakeFiles\simulateprofiles.dir\distrib.c.obj:D:/Progetti R/netsim_hg/sim/distrib.c:7: first defined here
CMakeFiles\simulateprofiles.dir\read_table.c.obj: In function `read_lst_i':
D:/Progetti R/netsim_hg/sim/read_table.c:5: multiple definition of `tot_str_intalloc'
CMakeFiles\simulateprofiles.dir\distrib.c.obj:D:/Progetti R/netsim_hg/sim/distrib.c:7: first defined here
CMakeFiles\simulateprofiles.dir\read_table.c.obj: In function `read_lst_i':
D:/Progetti R/netsim_hg/sim/read_table.c:5: multiple definition of `tot_str_intdealloc'
CMakeFiles\simulateprofiles.dir\distrib.c.obj:D:/Progetti R/netsim_hg/sim/distrib.c:7: first defined here
CMakeFiles\simulateprofiles.dir\read_table.c.obj: In function `read_lst_i':
D:/Progetti R/netsim_hg/sim/read_table.c:5: multiple definition of `fp_fdbg'
CMakeFiles\simulateprofiles.dir\distrib.c.obj:D:/Progetti R/netsim_hg/sim/distrib.c:7: first defined here
CMakeFiles\simulateprofiles.dir\read_table.c.obj: In function `read_lst_i':
D:/Progetti R/netsim_hg/sim/read_table.c:5: multiple definition of `fp_mdbg_lst'
CMakeFiles\simulateprofiles.dir\distrib.c.obj:D:/Progetti R/netsim_hg/sim/distrib.c:7: first defined here
CMakeFiles\simulateprofiles.dir\read_table.c.obj: In function `read_lst_i':
D:/Progetti R/netsim_hg/sim/read_table.c:5: multiple definition of `fpm_lst'
CMakeFiles\simulateprofiles.dir\distrib.c.obj:D:/Progetti R/netsim_hg/sim/distrib.c:7: first defined here
CMakeFiles\simulateprofiles.dir\read_table.c.obj: In function `read_lst_i':
D:/Progetti R/netsim_hg/sim/read_table.c:5: multiple definition of `fp_det'
CMakeFiles\simulateprofiles.dir\distrib.c.obj:D:/Progetti R/netsim_hg/sim/distrib.c:7: first defined here
CMakeFiles\simulateprofiles.dir\read_table.c.obj: In function `read_lst_i':
D:/Progetti R/netsim_hg/sim/read_table.c:5: multiple definition of `allocLst'
CMakeFiles\simulateprofiles.dir\distrib.c.obj:D:/Progetti R/netsim_hg/sim/distrib.c:7: first defined here
CMakeFiles\simulateprofiles.dir\read_table.c.obj: In function `read_lst_i':
D:/Progetti R/netsim_hg/sim/read_table.c:5: multiple definition of `allocVett_i'
CMakeFiles\simulateprofiles.dir\distrib.c.obj:D:/Progetti R/netsim_hg/sim/distrib.c:8: first defined here
CMakeFiles\simulateprofiles.dir\read_table.c.obj: In function `read_lst_i':
D:/Progetti R/netsim_hg/sim/read_table.c:10: multiple definition of `allocMatr_i'
CMakeFiles\simulateprofiles.dir\distrib.c.obj:D:/Progetti R/netsim_hg/sim/distrib.c:8: first defined here
CMakeFiles\simulateprofiles.dir\read_table.c.obj: In function `read_lst_i':
D:/Progetti R/netsim_hg/sim/read_table.c:10: multiple definition of `fp_mdbg_i'
CMakeFiles\simulateprofiles.dir\distrib.c.obj:D:/Progetti R/netsim_hg/sim/distrib.c:12: first defined here
CMakeFiles\simulateprofiles.dir\read_table.c.obj: In function `read_lst_i':
D:/Progetti R/netsim_hg/sim/read_table.c:10: multiple definition of `fpm_v_i'
CMakeFiles\simulateprofiles.dir\distrib.c.obj:D:/Progetti R/netsim_hg/sim/distrib.c:12: first defined here
CMakeFiles\simulateprofiles.dir\read_table.c.obj: In function `read_lst_i':
D:/Progetti R/netsim_hg/sim/read_table.c:10: multiple definition of `fpm_m_i'
CMakeFiles\simulateprofiles.dir\distrib.c.obj:D:/Progetti R/netsim_hg/sim/distrib.c:12: first defined here
CMakeFiles\simulateprofiles.dir\read_table.c.obj: In function `read_lst_i':
D:/Progetti R/netsim_hg/sim/read_table.c:10: multiple definition of `allocVett_d'
CMakeFiles\simulateprofiles.dir\distrib.c.obj:D:/Progetti R/netsim_hg/sim/distrib.c:12: first defined here
CMakeFiles\simulateprofiles.dir\read_table.c.obj: In function `read_lst_i':
D:/Progetti R/netsim_hg/sim/read_table.c:10: multiple definition of `allocMatr_d'
CMakeFiles\simulateprofiles.dir\distrib.c.obj:D:/Progetti R/netsim_hg/sim/distrib.c:12: first defined here
CMakeFiles\simulateprofiles.dir\read_table.c.obj: In function `read_lst_i':
D:/Progetti R/netsim_hg/sim/read_table.c:10: multiple definition of `fp_mdbg_d'
CMakeFiles\simulateprofiles.dir\distrib.c.obj:D:/Progetti R/netsim_hg/sim/distrib.c:12: first defined here
CMakeFiles\simulateprofiles.dir\read_table.c.obj: In function `read_lst_i':
D:/Progetti R/netsim_hg/sim/read_table.c:10: multiple definition of `fpm_v_d'
CMakeFiles\simulateprofiles.dir\distrib.c.obj:D:/Progetti R/netsim_hg/sim/distrib.c:12: first defined here
CMakeFiles\simulateprofiles.dir\read_table.c.obj: In function `read_lst_i':
D:/Progetti R/netsim_hg/sim/read_table.c:10: multiple definition of `fpm_m_d'
CMakeFiles\simulateprofiles.dir\distrib.c.obj:D:/Progetti R/netsim_hg/sim/distrib.c:12: first defined here
CMakeFiles\simulateprofiles.dir\distrib.c.obj:distrib.c:(.text+0x7): undefined reference to `mcount'
CMakeFiles\simulateprofiles.dir\distrib.c.obj:distrib.c:(.text+0x1a6): undefined reference to `mcount'
CMakeFiles\simulateprofiles.dir\distrib.c.obj:distrib.c:(.text+0x33f): undefined reference to `mcount'
CMakeFiles\simulateprofiles.dir\distrib.c.obj:distrib.c:(.text+0x43c): undefined reference to `mcount'
CMakeFiles\simulateprofiles.dir\distrib.c.obj:distrib.c:(.text+0x539): undefined reference to `mcount'
CMakeFiles\simulateprofiles.dir\distrib.c.obj:distrib.c:(.text+0x63d): undefined reference to `__gcov_init'
CMakeFiles\simulateprofiles.dir\distrib.c.obj:distrib.c:(.data+0x64): undefined reference to `__gcov_merge_add'
CMakeFiles\simulateprofiles.dir\simulateprofiles.c.obj:simulateprofiles.c:(.text+0xa): undefined reference to `mcount'
CMakeFiles\simulateprofiles.dir\simulateprofiles.c.obj:simulateprofiles.c:(.text+0x120): undefined reference to `mcount'
CMakeFiles\simulateprofiles.dir\simulateprofiles.c.obj:simulateprofiles.c:(.text+0x264): undefined reference to `mcount'
CMakeFiles\simulateprofiles.dir\simulateprofiles.c.obj:simulateprofiles.c:(.text+0xd0a): undefined reference to `mcount'
CMakeFiles\simulateprofiles.dir\simulateprofiles.c.obj:simulateprofiles.c:(.text+0x6dc2): undefined reference to `__gcov_init'
CMakeFiles\simulateprofiles.dir\simulateprofiles.c.obj:simulateprofiles.c:(.data+0x84): undefined reference to `__gcov_merge_add'
CMakeFiles\simulateprofiles.dir\globali.c.obj:globali.c:(.text+0x4): undefined reference to `mcount'
CMakeFiles\simulateprofiles.dir\globali.c.obj:globali.c:(.text+0xcd5): undefined reference to `mcount'
CMakeFiles\simulateprofiles.dir\globali.c.obj:globali.c:(.text+0x65e6): undefined reference to `__gcov_init'
CMakeFiles\simulateprofiles.dir\globali.c.obj:globali.c:(.data+0x44): undefined reference to `__gcov_merge_add'
CMakeFiles\simulateprofiles.dir\createRules.c.obj:createRules.c:(.text+0x8): undefined reference to `mcount'
CMakeFiles\simulateprofiles.dir\createRules.c.obj:createRules.c:(.text+0x6b2): undefined reference to `mcount'
CMakeFiles\simulateprofiles.dir\createRules.c.obj:createRules.c:(.text+0x11d2): undefined reference to `__gcov_init'
CMakeFiles\simulateprofiles.dir\createRules.c.obj:createRules.c:(.data+0x44): undefined reference to `__gcov_merge_add'
CMakeFiles\simulateprofiles.dir\create_logicRule.c.obj:create_logicRule.c:(.text+0xc): undefined reference to `mcount'
CMakeFiles\simulateprofiles.dir\create_logicRule.c.obj:create_logicRule.c:(.text+0x1bd0): undefined reference to `__gcov_init'
CMakeFiles\simulateprofiles.dir\create_logicRule.c.obj:create_logicRule.c:(.data+0x44): undefined reference to `__gcov_merge_add'
CMakeFiles\simulateprofiles.dir\sample.c.obj:sample.c:(.text+0x8): undefined reference to `mcount'
CMakeFiles\simulateprofiles.dir\sample.c.obj:sample.c:(.text+0xd7): undefined reference to `mcount'
CMakeFiles\simulateprofiles.dir\sample.c.obj:sample.c:(.text+0x204): undefined reference to `mcount'
CMakeFiles\simulateprofiles.dir\sample.c.obj:sample.c:(.text+0x4a8): undefined reference to `mcount'
CMakeFiles\simulateprofiles.dir\sample.c.obj:sample.c:(.text+0x6b0): undefined reference to `mcount'
CMakeFiles\simulateprofiles.dir\sample.c.obj:sample.c:(.text+0xbce): more undefined references to `mcount' follow
CMakeFiles\simulateprofiles.dir\sample.c.obj:sample.c:(.text+0x1734): undefined reference to `__gcov_init'
CMakeFiles\simulateprofiles.dir\sample.c.obj:sample.c:(.data+0x84): undefined reference to `__gcov_merge_add'
CMakeFiles\simulateprofiles.dir\dinamica.c.obj:dinamica.c:(.text+0xb): undefined reference to `mcount'
CMakeFiles\simulateprofiles.dir\dinamica.c.obj:dinamica.c:(.text+0x198): undefined reference to `mcount'
CMakeFiles\simulateprofiles.dir\dinamica.c.obj:dinamica.c:(.text+0x19e7): undefined reference to `mcount'
CMakeFiles\simulateprofiles.dir\dinamica.c.obj:dinamica.c:(.text+0x2448): undefined reference to `__gcov_init'
CMakeFiles\simulateprofiles.dir\dinamica.c.obj:dinamica.c:(.data+0x64): undefined reference to `__gcov_merge_add'
CMakeFiles\simulateprofiles.dir\target.c.obj:target.c:(.text+0xa): undefined reference to `mcount'
CMakeFiles\simulateprofiles.dir\target.c.obj:target.c:(.text+0x133a): undefined reference to `mcount'
CMakeFiles\simulateprofiles.dir\target.c.obj:target.c:(.text+0x1d58): undefined reference to `__gcov_init'
CMakeFiles\simulateprofiles.dir\target.c.obj:target.c:(.data+0x44): undefined reference to `__gcov_merge_add'
CMakeFiles\simulateprofiles.dir\boole_result.c.obj:boole_result.c:(.text+0xb): undefined reference to `mcount'
CMakeFiles\simulateprofiles.dir\boole_result.c.obj:boole_result.c:(.text+0x17d7): undefined reference to `__gcov_init'
CMakeFiles\simulateprofiles.dir\boole_result.c.obj:boole_result.c:(.data+0x44): undefined reference to `__gcov_merge_add'
CMakeFiles\simulateprofiles.dir\next_op.c.obj:next_op.c:(.text+0x7): undefined reference to `mcount'
CMakeFiles\simulateprofiles.dir\next_op.c.obj:next_op.c:(.text+0x18b): undefined reference to `__gcov_init'
CMakeFiles\simulateprofiles.dir\next_op.c.obj:next_op.c:(.data+0x44): undefined reference to `__gcov_merge_add'
CMakeFiles\simulateprofiles.dir\write_table.c.obj:write_table.c:(.text+0x7): undefined reference to `mcount'
CMakeFiles\simulateprofiles.dir\write_table.c.obj:write_table.c:(.text+0x481): undefined reference to `mcount'
CMakeFiles\simulateprofiles.dir\write_table.c.obj:write_table.c:(.text+0x6c3): undefined reference to `mcount'
CMakeFiles\simulateprofiles.dir\write_table.c.obj:write_table.c:(.text+0xb41): undefined reference to `mcount'
CMakeFiles\simulateprofiles.dir\write_table.c.obj:write_table.c:(.text+0xd83): undefined reference to `mcount'
CMakeFiles\simulateprofiles.dir\write_table.c.obj:write_table.c:(.text+0x10b8): more undefined references to `mcount' follow
CMakeFiles\simulateprofiles.dir\write_table.c.obj:write_table.c:(.text+0x198e): undefined reference to `__gcov_init'
CMakeFiles\simulateprofiles.dir\write_table.c.obj:write_table.c:(.data+0x84): undefined reference to `__gcov_merge_add'
CMakeFiles\simulateprofiles.dir\lsoda.c.obj:lsoda.c:(.text+0xb): undefined reference to `mcount'
CMakeFiles\simulateprofiles.dir\lsoda.c.obj:lsoda.c:(.text+0x45b): undefined reference to `mcount'
CMakeFiles\simulateprofiles.dir\lsoda.c.obj:lsoda.c:(.text+0x1501): undefined reference to `mcount'
CMakeFiles\simulateprofiles.dir\lsoda.c.obj:lsoda.c:(.text+0x200d): undefined reference to `__gcov_init'
CMakeFiles\simulateprofiles.dir\lsoda.c.obj:lsoda.c:(.data+0x64): undefined reference to `__gcov_merge_add'
CMakeFiles\simulateprofiles.dir\read_table.c.obj:read_table.c:(.text+0xb): undefined reference to `mcount'
CMakeFiles\simulateprofiles.dir\read_table.c.obj:read_table.c:(.text+0x6a3): undefined reference to `mcount'
CMakeFiles\simulateprofiles.dir\read_table.c.obj:read_table.c:(.text+0xbae): undefined reference to `mcount'
CMakeFiles\simulateprofiles.dir\read_table.c.obj:read_table.c:(.text+0x10c0): undefined reference to `mcount'
CMakeFiles\simulateprofiles.dir\read_table.c.obj:read_table.c:(.text+0x1367): undefined reference to `__gcov_init'
CMakeFiles\simulateprofiles.dir\read_table.c.obj:read_table.c:(.data+0x64): undefined reference to `__gcov_merge_add'
CMakeFiles\simulateprofiles.dir\ext_parser.c.obj: In function `OnError':
D:/Progetti R/netsim_hg/sim/ext_parser.c:5: undefined reference to `mcount'
CMakeFiles\simulateprofiles.dir\ext_parser.c.obj: In function `Not':
D:/Progetti R/netsim_hg/sim/ext_parser.c:20: undefined reference to `mcount'
CMakeFiles\simulateprofiles.dir\ext_parser.c.obj: In function `Mod':
D:/Progetti R/netsim_hg/sim/ext_parser.c:25: undefined reference to `mcount'
CMakeFiles\simulateprofiles.dir\ext_parser.c.obj: In function `Angle':
D:/Progetti R/netsim_hg/sim/ext_parser.c:30: undefined reference to `mcount'
CMakeFiles\simulateprofiles.dir\ext_parser.c.obj: In function `f_aux':
D:/Progetti R/netsim_hg/sim/ext_parser.c:35: undefined reference to `mcount'
CMakeFiles\simulateprofiles.dir\ext_parser.c.obj:D:/Progetti R/netsim_hg/sim/ext_parser.c:43: more undefined references to `mcount' follow
CMakeFiles\simulateprofiles.dir\ext_parser.c.obj: In function `GLOBAL__I_65535_0_D__Progetti_R_netsim_hg_sim_ext_parser.c':
D:/Progetti R/netsim_hg/sim/ext_parser.c:117: undefined reference to `__gcov_init'
CMakeFiles\simulateprofiles.dir\ext_parser.c.obj:ext_parser.c:(.data+0xc4): undefined reference to `__gcov_merge_add'
./libr2c_win32_debug.a(r_aux_d.c.obj): In function `stampa_lista_d':
D:/Progetti R/netsim_hg/r2clib/r_aux_d.c:6: undefined reference to `mcount'
./libr2c_win32_debug.a(r_aux_d.c.obj): In function `InitDbg_d':
D:/Progetti R/netsim_hg/r2clib/r_aux_d.c:21: undefined reference to `mcount'
./libr2c_win32_debug.a(r_aux_d.c.obj): In function `Fflush_d':
D:/Progetti R/netsim_hg/r2clib/r_aux_d.c:52: undefined reference to `mcount'
./libr2c_win32_debug.a(r_aux_d.c.obj): In function `Uguali_v_d':
D:/Progetti R/netsim_hg/r2clib/r_aux_d.c:67: undefined reference to `mcount'
./libr2c_win32_debug.a(r_aux_d.c.obj): In function `Uguali_m_d':
D:/Progetti R/netsim_hg/r2clib/r_aux_d.c:97: undefined reference to `mcount'
./libr2c_win32_debug.a(r_aux_d.c.obj):D:/Progetti R/netsim_hg/r2clib/r_aux_d.c:125: more undefined references to `mcount' follow
collect2: ld returned 1 exit status
mingw32-make[3]: *** [simulateprofiles.dll] Error 1
mingw32-make[2]: *** [CMakeFiles/simulateprofiles.dir/all] Error 2
mingw32-make[1]: *** [CMakeFiles/simulateprofiles.dir/rule] Error 2
mingw32-make: *** [simulateprofiles] Error 2
